Base path: E:/Unity/2018.2.9f1/Editor/Data
Cmd: initializeCompiler
Cmd: preprocess
  insize=1520 outsize=367 ok=1
Cmd: preprocess
  insize=2731 outsize=452 ok=1
Cmd: preprocess
  insize=1535 outsize=368 ok=1
Cmd: preprocess
  insize=1509 outsize=348 ok=1
Cmd: preprocess
  insize=1498 outsize=292 ok=1
Cmd: preprocess
  insize=2750 outsize=453 ok=1
Cmd: preprocess
  insize=1298 outsize=304 ok=1
Cmd: preprocess
  insize=21208 outsize=2888 ok=1
Cmd: preprocess
  insize=1738 outsize=404 ok=1
Cmd: preprocess
  insize=1290 outsize=296 ok=1
Cmd: preprocess
  insize=4252 outsize=848 ok=1
Cmd: preprocess
  insize=1396 outsize=326 ok=1
Cmd: preprocess
  insize=1514 outsize=362 ok=1
Cmd: preprocess
  insize=1666 outsize=376 ok=1
Cmd: preprocess
  insize=2067 outsize=460 ok=1
Cmd: preprocess
  insize=2125 outsize=455 ok=1
Cmd: preprocess
  insize=4028 outsize=2406 ok=1
Cmd: preprocess
  insize=1766 outsize=430 ok=1
Cmd: preprocess
  insize=19279 outsize=8639 ok=1
Cmd: preprocess
  insize=1156 outsize=298 ok=1
Cmd: preprocess
  insize=20674 outsize=3081 ok=1
Cmd: preprocess
  insize=1674 outsize=417 ok=1
Cmd: preprocess
  insize=1539 outsize=365 ok=1
Cmd: preprocess
  insize=1603 outsize=379 ok=1
Cmd: preprocess
  insize=2058 outsize=452 ok=1
Cmd: preprocess
  insize=1469 outsize=297 ok=1
Cmd: preprocess
  insize=1392 outsize=323 ok=1
Cmd: preprocess
  insize=1396 outsize=326 ok=1
Cmd: preprocess
  insize=2103 outsize=452 ok=1
Cmd: preprocess
  insize=2029 outsize=234 ok=1
Cmd: preprocess
  insize=1392 outsize=323 ok=1
Cmd: preprocess
  insize=1521 outsize=362 ok=1
Cmd: preprocess
  insize=1519 outsize=362 ok=1
Cmd: preprocess
  insize=1877 outsize=465 ok=1
Cmd: preprocess
  insize=1394 outsize=324 ok=1
Cmd: preprocess
  insize=1602 outsize=493 ok=1
Cmd: preprocess
  insize=2207 outsize=374 ok=1
Cmd: preprocess
  insize=1601 outsize=375 ok=1
Cmd: preprocess
  insize=1389 outsize=325 ok=1
Cmd: preprocess
  insize=1350 outsize=1671 ok=1
Cmd: preprocess
  insize=1396 outsize=326 ok=1
Cmd: preprocess
  insize=2611 outsize=632 ok=1
Cmd: preprocess
  insize=1401 outsize=329 ok=1
Cmd: preprocess
  insize=1578 outsize=417 ok=1
Cmd: preprocess
  insize=1634 outsize=394 ok=1
Cmd: preprocess
  insize=1603 outsize=378 ok=1
Cmd: preprocess
  insize=1539 outsize=374 ok=1
Cmd: preprocess
  insize=1565 outsize=409 ok=1
Cmd: preprocess
  insize=6828 outsize=3874 ok=1
Cmd: preprocess
  insize=1664 outsize=403 ok=1
Cmd: preprocess
  insize=2122 outsize=374 ok=1
Cmd: preprocess
  insize=826 outsize=271 ok=1
Cmd: preprocess
  insize=1396 outsize=325 ok=1
Cmd: preprocess
  insize=12539 outsize=4186 ok=1
Cmd: preprocess
  insize=4260 outsize=2617 ok=1
Cmd: preprocess
  insize=1418 outsize=336 ok=1
Cmd: preprocess
  insize=1142 outsize=295 ok=1
Cmd: preprocess
  insize=1893 outsize=464 ok=1
Cmd: preprocess
  insize=1147 outsize=289 ok=1
Cmd: preprocess
  insize=1882 outsize=470 ok=1
Cmd: preprocess
  insize=1398 outsize=326 ok=1
Cmd: preprocess
  insize=1686 outsize=307 ok=1
Cmd: preprocess
  insize=1759 outsize=435 ok=1
Cmd: preprocess
  insize=1512 outsize=360 ok=1
Cmd: preprocess
  insize=1631 outsize=395 ok=1
Cmd: preprocess
  insize=5361 outsize=2506 ok=1
Cmd: preprocess
  insize=22382 outsize=3536 ok=1
Cmd: preprocess
  insize=1234 outsize=297 ok=1
Cmd: preprocess
  insize=1541 outsize=377 ok=1
Cmd: preprocess
  insize=1387 outsize=323 ok=1
Cmd: preprocess
  insize=1639 outsize=395 ok=1
Cmd: preprocess
  insize=1592 outsize=377 ok=1
Cmd: preprocess
  insize=11173 outsize=4020 ok=1
Cmd: preprocess
  insize=1636 outsize=399 ok=1
Cmd: preprocess
  insize=21134 outsize=8148 ok=1
Cmd: preprocess
  insize=1659 outsize=297 ok=1
Cmd: preprocess
  insize=1546 outsize=379 ok=1
Cmd: preprocess
  insize=1199 outsize=277 ok=1
Cmd: preprocess
  insize=1392 outsize=323 ok=1
Cmd: preprocess
  insize=1249 outsize=291 ok=1
Cmd: preprocess
  insize=6724 outsize=2015 ok=1
Cmd: preprocess
  insize=1463 outsize=323 ok=1
Cmd: preprocess
  insize=44999 outsize=6814 ok=1
Cmd: preprocess
  insize=1592 outsize=404 ok=1
Cmd: preprocess
  insize=1521 outsize=538 ok=1
Cmd: preprocess
  insize=1392 outsize=323 ok=1
Cmd: preprocess
  insize=1291 outsize=297 ok=1
Cmd: preprocess
  insize=1597 outsize=380 ok=1
Cmd: preprocess
  insize=1512 outsize=359 ok=1
Cmd: preprocess
  insize=4443 outsize=421 ok=1
Cmd: preprocess
  insize=1395 outsize=326 ok=1
Cmd: preprocess
  insize=1541 outsize=377 ok=1
Cmd: preprocess
  insize=20631 outsize=4338 ok=1
Cmd: preprocess
  insize=1404 outsize=328 ok=1
Cmd: preprocess
  insize=1549 outsize=379 ok=1
Cmd: preprocess
  insize=1559 outsize=397 ok=1
Cmd: preprocess
  insize=1512 outsize=360 ok=1
Cmd: preprocess
  insize=1405 outsize=329 ok=1
Cmd: preprocess
  insize=1564 outsize=378 ok=1
Cmd: preprocess
  insize=2736 outsize=456 ok=1
Cmd: preprocess
  insize=1398 outsize=328 ok=1
Cmd: preprocess
  insize=1997 outsize=505 ok=1
Cmd: preprocess
  insize=26392 outsize=6119 ok=1
Cmd: preprocess
  insize=1532 outsize=360 ok=1
Cmd: preprocess
  insize=1394 outsize=324 ok=1
Cmd: preprocess
  insize=1099 outsize=282 ok=1
Cmd: preprocess
  insize=2754 outsize=456 ok=1
Cmd: preprocess
  insize=1172 outsize=298 ok=1
Cmd: preprocess
  insize=1556 outsize=370 ok=1
Cmd: preprocess
  insize=1520 outsize=363 ok=1
Cmd: preprocess
  insize=1507 outsize=360 ok=1
Cmd: preprocess
  insize=10188 outsize=4663 ok=1
Cmd: preprocess
  insize=1401 outsize=327 ok=1
Cmd: preprocess
  insize=1521 outsize=362 ok=1
Cmd: preprocess
  insize=1478 outsize=298 ok=1
Cmd: preprocess
  insize=1565 outsize=381 ok=1
Cmd: preprocess
  insize=1392 outsize=323 ok=1
Cmd: preprocess
  insize=2071 outsize=456 ok=1
Cmd: preprocess
  insize=2243 outsize=377 ok=1
Cmd: preprocess
  insize=23743 outsize=3669 ok=1
Cmd: preprocess
  insize=1032 outsize=307 ok=1
Cmd: preprocess
  insize=1754 outsize=430 ok=1
Cmd: preprocess
  insize=1520 outsize=511 ok=1
Cmd: preprocess
  insize=1543 outsize=367 ok=1
Cmd: preprocess
  insize=1392 outsize=323 ok=1
Cmd: preprocess
  insize=1707 outsize=475 ok=1
Cmd: preprocess
  insize=1682 outsize=475 ok=1
Cmd: preprocess
  insize=2129 outsize=452 ok=1
Cmd: preprocess
  insize=1555 outsize=375 ok=1
Cmd: preprocess
  insize=1554 outsize=376 ok=1
Cmd: preprocess
  insize=1257 outsize=301 ok=1
Cmd: preprocess
  insize=1347 outsize=347 ok=1
Cmd: preprocess
  insize=1644 outsize=403 ok=1
Cmd: preprocess
  insize=1148 outsize=299 ok=1
Cmd: preprocess
  insize=2124 outsize=454 ok=1
Cmd: preprocess
  insize=2378 outsize=307 ok=1
Cmd: preprocess
  insize=1670 outsize=419 ok=1
Cmd: preprocess
  insize=1536 outsize=367 ok=1
Cmd: preprocess
  insize=1518 outsize=361 ok=1
Cmd: preprocess
  insize=1715 outsize=475 ok=1
Cmd: preprocess
  insize=1975 outsize=470 ok=1
Cmd: preprocess
  insize=1396 outsize=325 ok=1
Cmd: preprocess
  insize=25607 outsize=9847 ok=1
Cmd: compileSnippet
  error: 1 plat 4 at (38): 'UNITY_PASS_FORWARDBASE' : macro redefinition\nCompiling Vertex program with UNITY_PASS_FORWARDBASE DIRECTIONAL
Platform defines: UNITY_ENABLE_REFLECTION_BUFFERS UNITY_USE_DITHER_MASK_FOR_ALPHABLENDED_SHADOWS UNITY_PBS_USE_BRDF1 UNITY_SPECCUBE_BOX_PROJECTION UNITY_SPECCUBE_BLENDING UNITY_ENABLE_DETAIL_NORMALMAP SHADER_API_DESKTOP UNITY_COLORSPACE_GAMMA UNITY_LIGHT_PROBE_PROXY_VOLUME UNITY_LIGHTMAP_FULL_HDR
  api=4 type=0 insize=6963 outsize=1642 kw=UNITY_PASS_FORWARDBASE DIRECTIONAL pd=UNITY_ENABLE_REFLECTION_BUFFERS UNITY_USE_DITHER_MASK_FOR_ALPHABLENDED_SHADOWS UNITY_PBS_USE_BRDF1 UNITY_SPECCUBE_BOX_PROJECTION UNITY_SPECCUBE_BLENDING UNITY_ENABLE_DETAIL_NORMALMAP SHADER_API_DESKTOP UNITY_COLORSPACE_GAMMA UNITY_LIGHT_PROBE_PROXY_VOLUME UNITY_LIGHTMAP_FULL_HDR ok=1
Cmd: compileSnippet
  error: 1 plat 4 at (38): 'UNITY_PASS_FORWARDBASE' : macro redefinition\nCompiling Fragment program with UNITY_PASS_FORWARDBASE DIRECTIONAL
Platform defines: UNITY_ENABLE_REFLECTION_BUFFERS UNITY_USE_DITHER_MASK_FOR_ALPHABLENDED_SHADOWS UNITY_PBS_USE_BRDF1 UNITY_SPECCUBE_BOX_PROJECTION UNITY_SPECCUBE_BLENDING UNITY_ENABLE_DETAIL_NORMALMAP SHADER_API_DESKTOP UNITY_COLORSPACE_GAMMA UNITY_LIGHT_PROBE_PROXY_VOLUME UNITY_LIGHTMAP_FULL_HDR
  api=4 type=1 insize=6963 outsize=2238 kw=UNITY_PASS_FORWARDBASE DIRECTIONAL pd=UNITY_ENABLE_REFLECTION_BUFFERS UNITY_USE_DITHER_MASK_FOR_ALPHABLENDED_SHADOWS UNITY_PBS_USE_BRDF1 UNITY_SPECCUBE_BOX_PROJECTION UNITY_SPECCUBE_BLENDING UNITY_ENABLE_DETAIL_NORMALMAP SHADER_API_DESKTOP UNITY_COLORSPACE_GAMMA UNITY_LIGHT_PROBE_PROXY_VOLUME UNITY_LIGHTMAP_FULL_HDR ok=1
Cmd: compileSnippet
  error: 1 plat 4 at (159): 'UNITY_PASS_FORWARDADD' : macro redefinition\nCompiling Vertex program with UNITY_PASS_FORWARDADD POINT
Platform defines: UNITY_ENABLE_REFLECTION_BUFFERS UNITY_USE_DITHER_MASK_FOR_ALPHABLENDED_SHADOWS UNITY_PBS_USE_BRDF1 UNITY_SPECCUBE_BOX_PROJECTION UNITY_SPECCUBE_BLENDING UNITY_ENABLE_DETAIL_NORMALMAP SHADER_API_DESKTOP UNITY_COLORSPACE_GAMMA UNITY_LIGHT_PROBE_PROXY_VOLUME UNITY_LIGHTMAP_FULL_HDR
  api=4 type=0 insize=7024 outsize=1850 kw=UNITY_PASS_FORWARDADD POINT pd=UNITY_ENABLE_REFLECTION_BUFFERS UNITY_USE_DITHER_MASK_FOR_ALPHABLENDED_SHADOWS UNITY_PBS_USE_BRDF1 UNITY_SPECCUBE_BOX_PROJECTION UNITY_SPECCUBE_BLENDING UNITY_ENABLE_DETAIL_NORMALMAP SHADER_API_DESKTOP UNITY_COLORSPACE_GAMMA UNITY_LIGHT_PROBE_PROXY_VOLUME UNITY_LIGHTMAP_FULL_HDR ok=1
Cmd: compileSnippet
  error: 1 plat 4 at (159): 'UNITY_PASS_FORWARDADD' : macro redefinition\nCompiling Fragment program with UNITY_PASS_FORWARDADD POINT
Platform defines: UNITY_ENABLE_REFLECTION_BUFFERS UNITY_USE_DITHER_MASK_FOR_ALPHABLENDED_SHADOWS UNITY_PBS_USE_BRDF1 UNITY_SPECCUBE_BOX_PROJECTION UNITY_SPECCUBE_BLENDING UNITY_ENABLE_DETAIL_NORMALMAP SHADER_API_DESKTOP UNITY_COLORSPACE_GAMMA UNITY_LIGHT_PROBE_PROXY_VOLUME UNITY_LIGHTMAP_FULL_HDR
  api=4 type=1 insize=7024 outsize=2430 kw=UNITY_PASS_FORWARDADD POINT pd=UNITY_ENABLE_REFLECTION_BUFFERS UNITY_USE_DITHER_MASK_FOR_ALPHABLENDED_SHADOWS UNITY_PBS_USE_BRDF1 UNITY_SPECCUBE_BOX_PROJECTION UNITY_SPECCUBE_BLENDING UNITY_ENABLE_DETAIL_NORMALMAP SHADER_API_DESKTOP UNITY_COLORSPACE_GAMMA UNITY_LIGHT_PROBE_PROXY_VOLUME UNITY_LIGHTMAP_FULL_HDR ok=1
Cmd: compileSnippet
  error: 1 plat 4 at (281): 'UNITY_PASS_SHADOWCASTER' : macro redefinition\nCompiling Vertex program with UNITY_PASS_SHADOWCASTER SHADOWS_DEPTH
Platform defines: UNITY_ENABLE_REFLECTION_BUFFERS UNITY_USE_DITHER_MASK_FOR_ALPHABLENDED_SHADOWS UNITY_PBS_USE_BRDF1 UNITY_SPECCUBE_BOX_PROJECTION UNITY_SPECCUBE_BLENDING UNITY_ENABLE_DETAIL_NORMALMAP SHADER_API_DESKTOP UNITY_COLORSPACE_GAMMA UNITY_LIGHT_PROBE_PROXY_VOLUME UNITY_LIGHTMAP_FULL_HDR
  api=4 type=0 insize=3175 outsize=1718 kw=UNITY_PASS_SHADOWCASTER SHADOWS_DEPTH pd=UNITY_ENABLE_REFLECTION_BUFFERS UNITY_USE_DITHER_MASK_FOR_ALPHABLENDED_SHADOWS UNITY_PBS_USE_BRDF1 UNITY_SPECCUBE_BOX_PROJECTION UNITY_SPECCUBE_BLENDING UNITY_ENABLE_DETAIL_NORMALMAP SHADER_API_DESKTOP UNITY_COLORSPACE_GAMMA UNITY_LIGHT_PROBE_PROXY_VOLUME UNITY_LIGHTMAP_FULL_HDR ok=1
Cmd: compileSnippet
  error: 1 plat 4 at (281): 'UNITY_PASS_SHADOWCASTER' : macro redefinition\nCompiling Fragment program with UNITY_PASS_SHADOWCASTER SHADOWS_DEPTH
Platform defines: UNITY_ENABLE_REFLECTION_BUFFERS UNITY_USE_DITHER_MASK_FOR_ALPHABLENDED_SHADOWS UNITY_PBS_USE_BRDF1 UNITY_SPECCUBE_BOX_PROJECTION UNITY_SPECCUBE_BLENDING UNITY_ENABLE_DETAIL_NORMALMAP SHADER_API_DESKTOP UNITY_COLORSPACE_GAMMA UNITY_LIGHT_PROBE_PROXY_VOLUME UNITY_LIGHTMAP_FULL_HDR
  api=4 type=1 insize=3175 outsize=278 kw=UNITY_PASS_SHADOWCASTER SHADOWS_DEPTH pd=UNITY_ENABLE_REFLECTION_BUFFERS UNITY_USE_DITHER_MASK_FOR_ALPHABLENDED_SHADOWS UNITY_PBS_USE_BRDF1 UNITY_SPECCUBE_BOX_PROJECTION UNITY_SPECCUBE_BLENDING UNITY_ENABLE_DETAIL_NORMALMAP SHADER_API_DESKTOP UNITY_COLORSPACE_GAMMA UNITY_LIGHT_PROBE_PROXY_VOLUME UNITY_LIGHTMAP_FULL_HDR ok=1
Cmd: preprocess
  insize=1396 outsize=325 ok=1
Cmd: preprocess
  insize=1396 outsize=327 ok=1
Cmd: preprocess
  insize=1179 outsize=300 ok=1
Cmd: preprocess
  insize=2752 outsize=453 ok=1
Cmd: preprocess
  insize=1321 outsize=296 ok=1
Cmd: preprocess
  insize=1049 outsize=303 ok=1
Cmd: preprocess
  insize=1387 outsize=323 ok=1
Cmd: preprocess
  insize=1525 outsize=369 ok=1
Cmd: preprocess
  insize=1584 outsize=377 ok=1
Cmd: preprocess
  insize=1398 outsize=328 ok=1
Cmd: preprocess
  insize=2753 outsize=457 ok=1
Cmd: preprocess
  insize=1852 outsize=1458 ok=1
Cmd: preprocess
  insize=1546 outsize=370 ok=1
Cmd: preprocess
  insize=2048 outsize=378 ok=1
Cmd: preprocess
  insize=1402 outsize=330 ok=1
Cmd: preprocess
  insize=2756 outsize=456 ok=1
Cmd: preprocess
  insize=1699 outsize=473 ok=1
Cmd: preprocess
  insize=1394 outsize=324 ok=1
Cmd: preprocess
  insize=2702 outsize=1786 ok=1
Cmd: preprocess
  insize=12945 outsize=5172 ok=1
Cmd: preprocess
  insize=815 outsize=815 ok=1
Cmd: preprocess
  insize=2639 outsize=588 ok=1
Cmd: preprocess
  insize=1592 outsize=421 ok=1
Cmd: preprocess
  insize=1996 outsize=449 ok=1
Cmd: preprocess
  insize=1468 outsize=299 ok=1
Cmd: preprocess
  insize=1511 outsize=363 ok=1
Cmd: preprocess
  insize=1544 outsize=380 ok=1
Cmd: preprocess
  insize=7823 outsize=5795 ok=1
Cmd: preprocess
  insize=1766 outsize=430 ok=1
Cmd: preprocess
  insize=1368 outsize=303 ok=1
Cmd: preprocess
  insize=1543 outsize=376 ok=1
Cmd: preprocess
  insize=1416 outsize=334 ok=1
Cmd: preprocess
  insize=2591 outsize=734 ok=1
Cmd: preprocess
  insize=1392 outsize=323 ok=1
Cmd: preprocess
  insize=1385 outsize=306 ok=1
Cmd: preprocess
  insize=1778 outsize=453 ok=1
Cmd: preprocess
  insize=1893 outsize=465 ok=1
Cmd: preprocess
  insize=1512 outsize=359 ok=1
Cmd: preprocess
  insize=1504 outsize=326 ok=1
Cmd: preprocess
  insize=1540 outsize=371 ok=1
Cmd: preprocess
  insize=1791 outsize=328 ok=1
Cmd: preprocess
  insize=2761 outsize=459 ok=1
Cmd: preprocess
  insize=25414 outsize=5209 ok=1
Cmd: preprocess
  insize=1538 outsize=370 ok=1
Cmd: preprocess
  insize=4004 outsize=2324 ok=1
Cmd: preprocess
  insize=1031 outsize=240 ok=1
Cmd: preprocess
  insize=12764 outsize=5410 ok=1
Cmd: preprocess
  insize=1522 outsize=361 ok=1
Cmd: preprocess
  insize=1394 outsize=324 ok=1
Cmd: preprocess
  insize=1652 outsize=406 ok=1
Cmd: preprocess
  insize=1696 outsize=295 ok=1
Cmd: preprocess
  insize=1547 outsize=379 ok=1
Cmd: preprocess
  insize=1542 outsize=374 ok=1
Cmd: preprocess
  insize=1380 outsize=303 ok=1
Cmd: preprocess
  insize=2054 outsize=456 ok=1
Cmd: preprocess
  insize=1081 outsize=296 ok=1
Cmd: preprocess
  insize=1639 outsize=395 ok=1
Cmd: preprocess
  insize=1508 outsize=360 ok=1
Cmd: preprocess
  insize=1396 outsize=324 ok=1
Cmd: preprocess
  insize=1741 outsize=456 ok=1
Cmd: preprocess
  insize=1554 outsize=378 ok=1
Cmd: preprocess
  insize=1332 outsize=294 ok=1
Cmd: preprocess
  insize=1803 outsize=458 ok=1
Cmd: preprocess
  insize=1513 outsize=365 ok=1
Cmd: preprocess
  insize=1329 outsize=309 ok=1
Cmd: compileSnippet
  error: 1 plat 4 at (38): 'UNITY_PASS_FORWARDBASE' : macro redefinition\nCompiling Vertex program with UNITY_PASS_FORWARDBASE DIRECTIONAL LIGHTPROBE_SH
Platform defines: UNITY_ENABLE_REFLECTION_BUFFERS UNITY_USE_DITHER_MASK_FOR_ALPHABLENDED_SHADOWS UNITY_PBS_USE_BRDF1 UNITY_SPECCUBE_BOX_PROJECTION UNITY_SPECCUBE_BLENDING UNITY_ENABLE_DETAIL_NORMALMAP SHADER_API_DESKTOP UNITY_COLORSPACE_GAMMA UNITY_LIGHT_PROBE_PROXY_VOLUME UNITY_LIGHTMAP_FULL_HDR
  api=4 type=0 insize=6963 outsize=1642 kw=UNITY_PASS_FORWARDBASE DIRECTIONAL LIGHTPROBE_SH pd=UNITY_ENABLE_REFLECTION_BUFFERS UNITY_USE_DITHER_MASK_FOR_ALPHABLENDED_SHADOWS UNITY_PBS_USE_BRDF1 UNITY_SPECCUBE_BOX_PROJECTION UNITY_SPECCUBE_BLENDING UNITY_ENABLE_DETAIL_NORMALMAP SHADER_API_DESKTOP UNITY_COLORSPACE_GAMMA UNITY_LIGHT_PROBE_PROXY_VOLUME UNITY_LIGHTMAP_FULL_HDR ok=1
Cmd: compileSnippet
  error: 1 plat 4 at (38): 'UNITY_PASS_FORWARDBASE' : macro redefinition\nCompiling Fragment program with UNITY_PASS_FORWARDBASE DIRECTIONAL LIGHTPROBE_SH
Platform defines: UNITY_ENABLE_REFLECTION_BUFFERS UNITY_USE_DITHER_MASK_FOR_ALPHABLENDED_SHADOWS UNITY_PBS_USE_BRDF1 UNITY_SPECCUBE_BOX_PROJECTION UNITY_SPECCUBE_BLENDING UNITY_ENABLE_DETAIL_NORMALMAP SHADER_API_DESKTOP UNITY_COLORSPACE_GAMMA UNITY_LIGHT_PROBE_PROXY_VOLUME UNITY_LIGHTMAP_FULL_HDR
  api=4 type=1 insize=6963 outsize=2238 kw=UNITY_PASS_FORWARDBASE DIRECTIONAL LIGHTPROBE_SH pd=UNITY_ENABLE_REFLECTION_BUFFERS UNITY_USE_DITHER_MASK_FOR_ALPHABLENDED_SHADOWS UNITY_PBS_USE_BRDF1 UNITY_SPECCUBE_BOX_PROJECTION UNITY_SPECCUBE_BLENDING UNITY_ENABLE_DETAIL_NORMALMAP SHADER_API_DESKTOP UNITY_COLORSPACE_GAMMA UNITY_LIGHT_PROBE_PROXY_VOLUME UNITY_LIGHTMAP_FULL_HDR ok=1
Cmd: compileSnippet
  error: 1 plat 4 at (159): 'UNITY_PASS_FORWARDADD' : macro redefinition\nCompiling Vertex program with UNITY_PASS_FORWARDADD DIRECTIONAL
Platform defines: UNITY_ENABLE_REFLECTION_BUFFERS UNITY_USE_DITHER_MASK_FOR_ALPHABLENDED_SHADOWS UNITY_PBS_USE_BRDF1 UNITY_SPECCUBE_BOX_PROJECTION UNITY_SPECCUBE_BLENDING UNITY_ENABLE_DETAIL_NORMALMAP SHADER_API_DESKTOP UNITY_COLORSPACE_GAMMA UNITY_LIGHT_PROBE_PROXY_VOLUME UNITY_LIGHTMAP_FULL_HDR
  api=4 type=0 insize=7024 outsize=1642 kw=UNITY_PASS_FORWARDADD DIRECTIONAL pd=UNITY_ENABLE_REFLECTION_BUFFERS UNITY_USE_DITHER_MASK_FOR_ALPHABLENDED_SHADOWS UNITY_PBS_USE_BRDF1 UNITY_SPECCUBE_BOX_PROJECTION UNITY_SPECCUBE_BLENDING UNITY_ENABLE_DETAIL_NORMALMAP SHADER_API_DESKTOP UNITY_COLORSPACE_GAMMA UNITY_LIGHT_PROBE_PROXY_VOLUME UNITY_LIGHTMAP_FULL_HDR ok=1
Cmd: compileSnippet
  error: 1 plat 4 at (159): 'UNITY_PASS_FORWARDADD' : macro redefinition\nCompiling Fragment program with UNITY_PASS_FORWARDADD DIRECTIONAL
Platform defines: UNITY_ENABLE_REFLECTION_BUFFERS UNITY_USE_DITHER_MASK_FOR_ALPHABLENDED_SHADOWS UNITY_PBS_USE_BRDF1 UNITY_SPECCUBE_BOX_PROJECTION UNITY_SPECCUBE_BLENDING UNITY_ENABLE_DETAIL_NORMALMAP SHADER_API_DESKTOP UNITY_COLORSPACE_GAMMA UNITY_LIGHT_PROBE_PROXY_VOLUME UNITY_LIGHTMAP_FULL_HDR
  api=4 type=1 insize=7024 outsize=2274 kw=UNITY_PASS_FORWARDADD DIRECTIONAL pd=UNITY_ENABLE_REFLECTION_BUFFERS UNITY_USE_DITHER_MASK_FOR_ALPHABLENDED_SHADOWS UNITY_PBS_USE_BRDF1 UNITY_SPECCUBE_BOX_PROJECTION UNITY_SPECCUBE_BLENDING UNITY_ENABLE_DETAIL_NORMALMAP SHADER_API_DESKTOP UNITY_COLORSPACE_GAMMA UNITY_LIGHT_PROBE_PROXY_VOLUME UNITY_LIGHTMAP_FULL_HDR ok=1
Cmd: initializeCompiler
